Build started 18/04/2018 19:11:50.
     1>Project "E:\UAVIA\UAV_project\UAV_project\UAV_project.vcxproj" on node 2 (build target(s)).
     1>InitializeBuildStatus:
         Touching "Release\UAV_project.unsuccessfulbuild".
       ClCompile:
         All outputs are up-to-date.
         C:\LegacyApp\VisualStudio2010\VC\bin\CL.exe /c /Zi /nologo /W3 /WX- /O2 /Oi /Oy- /GL /D WIN32 /D NDEBUG /D _LIB /D _UNICODE /D UNICODE /Gm- /EHsc /MD /GS /Gy /fp:precise /Zc:wchar_t /Zc:forScope /Yu"StdAfx.h" /Fp"Release\UAV_project.pch" /Fo"Release\\" /Fd"Release\vc100.pdb" /Gd /TP /analyze- /errorReport:prompt ..\src\Pedestrian.cpp
         Pedestrian.cpp
       Lib:
         C:\LegacyApp\VisualStudio2010\VC\bin\Lib.exe /OUT:"E:\UAVIA\UAV_project\Release\UAV_project.lib" /NOLOGO /LTCG Release\CameraProcess.obj
         Release\DroneProcess.obj
         Release\ImageProcess.obj
         Release\Pedestrian.obj
         Release\PedestrianTrackingAlgo.obj
         Release\PedestrianTrackingMain.obj
         Release\stdafx.obj
         UAV_project.vcxproj -> E:\UAVIA\UAV_project\Release\UAV_project.lib
       FinalizeBuildStatus:
         Deleting file "Release\UAV_project.unsuccessfulbuild".
         Touching "Release\UAV_project.lastbuildstate".
     1>Done Building Project "E:\UAVIA\UAV_project\UAV_project\UAV_project.vcxproj" (build target(s)).

Build succeeded.

Time Elapsed 00:00:00.53
